[     635ms] TypeError: n.map is not a function
    at tr (https://listworks.pro/static/js/main.525a0788.js:2:481240)
    at es (https://listworks.pro/static/js/main.525a0788.js:2:54214)
    at qo (https://listworks.pro/static/js/main.525a0788.js:2:74907)
    at sl (https://listworks.pro/static/js/main.525a0788.js:2:85246)
    at dd (https://listworks.pro/static/js/main.525a0788.js:2:125982)
    at ld (https://listworks.pro/static/js/main.525a0788.js:2:125910)
    at od (https://listworks.pro/static/js/main.525a0788.js:2:125752)
    at Gc (https://listworks.pro/static/js/main.525a0788.js:2:121464)
    at Ud (https://listworks.pro/static/js/main.525a0788.js:2:137211)
    at MessagePort.A (https://listworks.pro/static/js/main.525a0788.js:2:190647)
[  104650ms] TypeError: n.map is not a function
    at tr (https://listworks.pro/static/js/main.525a0788.js:2:481240)
    at es (https://listworks.pro/static/js/main.525a0788.js:2:54214)
    at qo (https://listworks.pro/static/js/main.525a0788.js:2:74907)
    at sl (https://listworks.pro/static/js/main.525a0788.js:2:85246)
    at dd (https://listworks.pro/static/js/main.525a0788.js:2:125982)
    at ld (https://listworks.pro/static/js/main.525a0788.js:2:125910)
    at od (https://listworks.pro/static/js/main.525a0788.js:2:125752)
    at Gc (https://listworks.pro/static/js/main.525a0788.js:2:121464)
    at Ud (https://listworks.pro/static/js/main.525a0788.js:2:137211)
    at MessagePort.A (https://listworks.pro/static/js/main.525a0788.js:2:190647)
[  107588ms] TypeError: n.map is not a function
    at tr (https://listworks.pro/static/js/main.525a0788.js:2:481240)
    at es (https://listworks.pro/static/js/main.525a0788.js:2:54214)
    at qo (https://listworks.pro/static/js/main.525a0788.js:2:74907)
    at sl (https://listworks.pro/static/js/main.525a0788.js:2:85246)
    at dd (https://listworks.pro/static/js/main.525a0788.js:2:125982)
    at ld (https://listworks.pro/static/js/main.525a0788.js:2:125910)
    at od (https://listworks.pro/static/js/main.525a0788.js:2:125752)
    at Gc (https://listworks.pro/static/js/main.525a0788.js:2:121464)
    at Ud (https://listworks.pro/static/js/main.525a0788.js:2:137211)
    at MessagePort.A (https://listworks.pro/static/js/main.525a0788.js:2:190647)
